2020-07-04 20:13:38,877 [INFO] Activator:176 - 


2020-07-04 20:13:38,880 [INFO] Activator:177 - !SESSION log4j initialized
2020-07-04 20:13:47,333 [INFO] ApplicationProperties:181 - Using Application install path: /opt/st/stm32cubeide_1.3.0/../../../home/lth/.eclipse/com.st.stm32cube.ide.mcu.rcp.product_1.3.0_1935175002_linux_gtk_x86_64/plugins/com.st.stm32cube.common.mx_5.6.1.202004052303
2020-07-04 20:13:47,394 [INFO] DbMcusXml:72 - Set database path to: /opt/st/stm32cubeide_1.3.0/../../../home/lth/.eclipse/com.st.stm32cube.ide.mcu.rcp.product_1.3.0_1935175002_linux_gtk_x86_64/plugins/com.st.stm32cube.common.mx_5.6.1.202004052303//db//mcu/
2020-07-04 20:13:47,398 [INFO] DbBoardsPdsc:54 - Set plugin database path to: /opt/st/stm32cubeide_1.3.0/../../../home/lth/.eclipse/com.st.stm32cube.ide.mcu.rcp.product_1.3.0_1935175002_linux_gtk_x86_64/plugins/com.st.stm32cube.common.mx_5.6.1.202004052303//db//plugins/boardmanager/
2020-07-04 20:13:47,399 [INFO] DbMcus:235 - Set plugin images path to: /opt/st/stm32cubeide_1.3.0/../../../home/lth/.eclipse/com.st.stm32cube.ide.mcu.rcp.product_1.3.0_1935175002_linux_gtk_x86_64/plugins/com.st.stm32cube.common.mx_5.6.1.202004052303//db//plugins/mcufinder/images/
2020-07-04 20:13:47,399 [INFO] DbBoards:232 - Set plugin images path to: /opt/st/stm32cubeide_1.3.0/../../../home/lth/.eclipse/com.st.stm32cube.ide.mcu.rcp.product_1.3.0_1935175002_linux_gtk_x86_64/plugins/com.st.stm32cube.common.mx_5.6.1.202004052303//db//plugins/mcufinder/images/
2020-07-04 20:13:47,568 [INFO] DbMcusAds:85 - Set database path to: /home/lth/.stmcufinder/plugins/mcufinder//mcu/
2020-07-04 20:13:47,572 [INFO] DbMcusDocs:108 - Set database path to: /home/lth/.stmcufinder/plugins/mcufinder//mcu/
2020-07-04 20:13:47,580 [INFO] DbMcusJson:61 - Set database path to: /home/lth/.stmcufinder/plugins/mcufinder//mcu/
2020-07-04 20:13:47,583 [INFO] DbBoardsDocs:97 - Set database path to: /home/lth/.stmcufinder/plugins/mcufinder//mcu/
2020-07-04 20:13:47,589 [INFO] DbBoardsJson:51 - Set database path to: /home/lth/.stmcufinder/plugins/mcufinder//mcu/
2020-07-04 20:13:48,078 [INFO] CrossReferenceDbSqlite:197 - Set database path to: /home/lth/.stmcufinder/plugins/mcufinder//mcu/cs/
2020-07-04 20:13:48,293 [INFO] RulesReader:52 - Compatibility file has been processed (208 Rules)
2020-07-04 20:13:48,429 [INFO] MicroXplorer:570 - Detected Java Version = 1.8.0_242
2020-07-04 20:13:48,429 [INFO] DbMcusXml:72 - Set database path to: /opt/st/stm32cubeide_1.3.0/../../../home/lth/.eclipse/com.st.stm32cube.ide.mcu.rcp.product_1.3.0_1935175002_linux_gtk_x86_64/plugins/com.st.stm32cube.common.mx_5.6.1.202004052303//db//mcu/
2020-07-04 20:13:48,429 [INFO] DbBoardsPdsc:54 - Set plugin database path to: /opt/st/stm32cubeide_1.3.0/../../../home/lth/.eclipse/com.st.stm32cube.ide.mcu.rcp.product_1.3.0_1935175002_linux_gtk_x86_64/plugins/com.st.stm32cube.common.mx_5.6.1.202004052303//db//plugins/boardmanager/
2020-07-04 20:13:48,429 [INFO] DbMcus:235 - Set plugin images path to: /opt/st/stm32cubeide_1.3.0/../../../home/lth/.eclipse/com.st.stm32cube.ide.mcu.rcp.product_1.3.0_1935175002_linux_gtk_x86_64/plugins/com.st.stm32cube.common.mx_5.6.1.202004052303//db//plugins/mcufinder/images/
2020-07-04 20:13:48,430 [INFO] DbBoards:232 - Set plugin images path to: /opt/st/stm32cubeide_1.3.0/../../../home/lth/.eclipse/com.st.stm32cube.ide.mcu.rcp.product_1.3.0_1935175002_linux_gtk_x86_64/plugins/com.st.stm32cube.common.mx_5.6.1.202004052303//db//plugins/mcufinder/images/
2020-07-04 20:13:48,431 [WARN] DbFile:36 - Overriding database path with different value: /home/lth/.stmcufinder/plugins/mcufinder/ => /home/lth/.stmcufinder/plugins/mcufinder
2020-07-04 20:13:48,431 [INFO] DbMcusAds:85 - Set database path to: /home/lth/.stmcufinder/plugins/mcufinder//mcu/
2020-07-04 20:13:48,431 [WARN] DbFile:36 - Overriding database path with different value: /home/lth/.stmcufinder/plugins/mcufinder/ => /home/lth/.stmcufinder/plugins/mcufinder
2020-07-04 20:13:48,431 [INFO] DbMcusDocs:108 - Set database path to: /home/lth/.stmcufinder/plugins/mcufinder//mcu/
2020-07-04 20:13:48,431 [WARN] DbFile:36 - Overriding database path with different value: /home/lth/.stmcufinder/plugins/mcufinder/ => /home/lth/.stmcufinder/plugins/mcufinder
2020-07-04 20:13:48,432 [INFO] DbMcusJson:61 - Set database path to: /home/lth/.stmcufinder/plugins/mcufinder//mcu/
2020-07-04 20:13:48,432 [WARN] DbFile:36 - Overriding database path with different value: /home/lth/.stmcufinder/plugins/mcufinder/ => /home/lth/.stmcufinder/plugins/mcufinder
2020-07-04 20:13:48,432 [INFO] DbBoardsDocs:97 - Set database path to: /home/lth/.stmcufinder/plugins/mcufinder//mcu/
2020-07-04 20:13:48,432 [WARN] DbFile:36 - Overriding database path with different value: /home/lth/.stmcufinder/plugins/mcufinder/ => /home/lth/.stmcufinder/plugins/mcufinder
2020-07-04 20:13:48,432 [INFO] DbBoardsJson:51 - Set database path to: /home/lth/.stmcufinder/plugins/mcufinder//mcu/
2020-07-04 20:13:48,432 [WARN] DbFile:36 - Overriding database path with different value: /home/lth/.stmcufinder/plugins/mcufinder/ => /home/lth/.stmcufinder/plugins/mcufinder
2020-07-04 20:13:48,432 [WARN] DbFile:36 - Overriding database path with different value: /home/lth/.stmcufinder/plugins/mcufinder/ => /home/lth/.stmcufinder/plugins/mcufinder
2020-07-04 20:13:48,433 [INFO] CrossReferenceDbSqlite:197 - Set database path to: /home/lth/.stmcufinder/plugins/mcufinder//mcu/cs/
2020-07-04 20:13:48,545 [INFO] MainPanel:181 - HeapMemory: 308281344
2020-07-04 20:13:48,709 [INFO] DbMcusXml:72 - Set database path to: /opt/st/stm32cubeide_1.3.0/../../../home/lth/.eclipse/com.st.stm32cube.ide.mcu.rcp.product_1.3.0_1935175002_linux_gtk_x86_64/plugins/com.st.stm32cube.common.mx_5.6.1.202004052303//db//mcu/
2020-07-04 20:13:48,709 [INFO] DbBoardsPdsc:54 - Set plugin database path to: /opt/st/stm32cubeide_1.3.0/../../../home/lth/.eclipse/com.st.stm32cube.ide.mcu.rcp.product_1.3.0_1935175002_linux_gtk_x86_64/plugins/com.st.stm32cube.common.mx_5.6.1.202004052303//db//plugins/boardmanager/
2020-07-04 20:13:48,710 [INFO] DbMcus:235 - Set plugin images path to: /opt/st/stm32cubeide_1.3.0/../../../home/lth/.eclipse/com.st.stm32cube.ide.mcu.rcp.product_1.3.0_1935175002_linux_gtk_x86_64/plugins/com.st.stm32cube.common.mx_5.6.1.202004052303//db//plugins/mcufinder/images/
2020-07-04 20:13:48,710 [INFO] DbBoards:232 - Set plugin images path to: /opt/st/stm32cubeide_1.3.0/../../../home/lth/.eclipse/com.st.stm32cube.ide.mcu.rcp.product_1.3.0_1935175002_linux_gtk_x86_64/plugins/com.st.stm32cube.common.mx_5.6.1.202004052303//db//plugins/mcufinder/images/
2020-07-04 20:13:48,710 [WARN] DbFile:36 - Overriding database path with different value: /home/lth/.stmcufinder/plugins/mcufinder/ => /home/lth/.stmcufinder/plugins/mcufinder
2020-07-04 20:13:48,711 [INFO] DbMcusAds:85 - Set database path to: /home/lth/.stmcufinder/plugins/mcufinder//mcu/
2020-07-04 20:13:48,711 [WARN] DbFile:36 - Overriding database path with different value: /home/lth/.stmcufinder/plugins/mcufinder/ => /home/lth/.stmcufinder/plugins/mcufinder
2020-07-04 20:13:48,711 [INFO] DbMcusDocs:108 - Set database path to: /home/lth/.stmcufinder/plugins/mcufinder//mcu/
2020-07-04 20:13:48,711 [WARN] DbFile:36 - Overriding database path with different value: /home/lth/.stmcufinder/plugins/mcufinder/ => /home/lth/.stmcufinder/plugins/mcufinder
2020-07-04 20:13:48,711 [INFO] DbMcusJson:61 - Set database path to: /home/lth/.stmcufinder/plugins/mcufinder//mcu/
2020-07-04 20:13:48,711 [WARN] DbFile:36 - Overriding database path with different value: /home/lth/.stmcufinder/plugins/mcufinder/ => /home/lth/.stmcufinder/plugins/mcufinder
2020-07-04 20:13:48,712 [INFO] DbBoardsDocs:97 - Set database path to: /home/lth/.stmcufinder/plugins/mcufinder//mcu/
2020-07-04 20:13:48,712 [WARN] DbFile:36 - Overriding database path with different value: /home/lth/.stmcufinder/plugins/mcufinder/ => /home/lth/.stmcufinder/plugins/mcufinder
2020-07-04 20:13:48,712 [INFO] DbBoardsJson:51 - Set database path to: /home/lth/.stmcufinder/plugins/mcufinder//mcu/
2020-07-04 20:13:48,712 [WARN] DbFile:36 - Overriding database path with different value: /home/lth/.stmcufinder/plugins/mcufinder/ => /home/lth/.stmcufinder/plugins/mcufinder
2020-07-04 20:13:48,712 [WARN] DbFile:36 - Overriding database path with different value: /home/lth/.stmcufinder/plugins/mcufinder/ => /home/lth/.stmcufinder/plugins/mcufinder
2020-07-04 20:13:48,712 [INFO] CrossReferenceDbSqlite:197 - Set database path to: /home/lth/.stmcufinder/plugins/mcufinder//mcu/cs/
2020-07-04 20:13:48,757 [INFO] ApplicationProperties:181 - Using Application install path: /opt/st/stm32cubeide_1.3.0/../../../home/lth/.eclipse/com.st.stm32cube.ide.mcu.rcp.product_1.3.0_1935175002_linux_gtk_x86_64/plugins/com.st.stm32cube.common.mx_5.6.1.202004052303
2020-07-04 20:13:48,759 [INFO] PluginManage:178 - Search for loadable plugins [exclusion list=, tutovideos]
2020-07-04 20:13:48,774 [INFO] PluginManage:292 - Check plugin analytics
2020-07-04 20:13:48,849 [INFO] PluginManage:342 - Loaded plugin analytics (category:tool,tabindex:-1)
2020-07-04 20:13:48,851 [INFO] PluginManage:292 - Check plugin clock
2020-07-04 20:13:48,909 [INFO] PluginManage:342 - Loaded plugin clock (category:base,tabindex:2)
2020-07-04 20:13:48,910 [INFO] PluginManage:292 - Check plugin ddr
2020-07-04 20:13:48,926 [INFO] PluginManage:342 - Loaded plugin ddr (category:tool,tabindex:6)
2020-07-04 20:13:48,927 [INFO] PluginManage:292 - Check plugin filemanager
2020-07-04 20:13:49,235 [INFO] PluginManage:342 - Loaded plugin filemanager (category:base,tabindex:10)
2020-07-04 20:13:49,236 [INFO] PluginManage:292 - Check plugin ipmanager
2020-07-04 20:13:49,286 [INFO] PluginManage:342 - Loaded plugin ipmanager (category:base,tabindex:5)
2020-07-04 20:13:49,286 [INFO] PluginManage:292 - Check plugin pinoutandconfiguration
2020-07-04 20:13:49,344 [INFO] PluginManage:342 - Loaded plugin pinoutandconfiguration (category:base,tabindex:1)
2020-07-04 20:13:49,345 [INFO] PluginManage:292 - Check plugin pinoutconfig
2020-07-04 20:13:49,439 [INFO] PluginManage:342 - Loaded plugin pinoutconfig (category:base,tabindex:0)
2020-07-04 20:13:49,440 [INFO] PluginManage:292 - Check plugin power
2020-07-04 20:13:49,487 [INFO] PluginManage:342 - Loaded plugin power (category:power,tabindex:4)
2020-07-04 20:13:49,487 [INFO] PluginManage:292 - Check plugin projectmanager
2020-07-04 20:13:49,501 [INFO] PluginManage:342 - Loaded plugin projectmanager (category:projectmanager,tabindex:3)
2020-07-04 20:13:49,502 [INFO] PluginManage:292 - Check plugin thirdparty
2020-07-04 20:13:49,736 [INFO] ThirdPartyDb:295 - Open Third Party DataBase File (/home/lth/.stm32cubemx/plugins/thirdparty/db/thirdparties_db.xml) : 33 ms. number of Sw pack : 10
2020-07-04 20:13:49,768 [INFO] PluginManage:342 - Loaded plugin thirdparty (category:base,tabindex:-1)
2020-07-04 20:13:49,768 [INFO] PluginManage:292 - Check plugin tools
2020-07-04 20:13:49,788 [INFO] PluginManage:342 - Loaded plugin tools (category:base,tabindex:7)
2020-07-04 20:13:49,789 [INFO] PluginManage:292 - Check plugin tutovideos
2020-07-04 20:13:49,794 [INFO] PluginManage:347 - Ignore plugin tutovideos (category:base)
2020-07-04 20:13:49,794 [INFO] PluginManage:292 - Check plugin updater
2020-07-04 20:13:49,830 [INFO] PluginManage:342 - Loaded plugin updater (category:base,tabindex:12)
2020-07-04 20:13:49,830 [INFO] PluginManage:265 - PluginManage : Loaded plugins [12]
2020-07-04 20:13:50,328 [INFO] PinOutPanel:1420 - setPackage(No Configuration,No Configuration)
2020-07-04 20:13:50,530 [INFO] IPUIPlugin:65 - create IPUIPlugin
2020-07-04 20:13:50,530 [INFO] PluginManager:200 - loadIPPluginJar : add dfsdm
2020-07-04 20:13:50,556 [INFO] IPUIPlugin:65 - create IPUIPlugin
2020-07-04 20:13:50,557 [INFO] PluginManager:200 - loadIPPluginJar : add gtzc
2020-07-04 20:13:50,567 [INFO] IPUIPlugin:65 - create IPUIPlugin
2020-07-04 20:13:50,567 [INFO] PluginManager:200 - loadIPPluginJar : add quadspi
2020-07-04 20:13:50,657 [INFO] IPUIPlugin:65 - create IPUIPlugin
2020-07-04 20:13:50,658 [INFO] PluginManager:200 - loadIPPluginJar : add adc
2020-07-04 20:13:50,659 [INFO] IPUIPlugin:65 - create IPUIPlugin
2020-07-04 20:13:50,659 [INFO] PluginManager:200 - loadIPPluginJar : add ltdc
2020-07-04 20:13:50,674 [INFO] IPUIPlugin:65 - create IPUIPlugin
2020-07-04 20:13:50,674 [INFO] PluginManager:200 - loadIPPluginJar : add genericplugin
2020-07-04 20:13:50,680 [INFO] IPUIPlugin:65 - create IPUIPlugin
2020-07-04 20:13:50,680 [INFO] PluginManager:200 - loadIPPluginJar : add ts
2020-07-04 20:13:50,686 [INFO] IPUIPlugin:65 - create IPUIPlugin
2020-07-04 20:13:50,686 [INFO] PluginManager:200 - loadIPPluginJar : add stm32_wpan
2020-07-04 20:13:50,724 [INFO] IPUIPlugin:65 - create IPUIPlugin
2020-07-04 20:13:50,727 [INFO] PluginManager:200 - loadIPPluginJar : add plateformsettings
2020-07-04 20:13:50,753 [INFO] IPUIPlugin:65 - create IPUIPlugin
2020-07-04 20:13:50,755 [INFO] PluginManager:200 - loadIPPluginJar : add gic
2020-07-04 20:13:50,763 [INFO] IPUIPlugin:65 - create IPUIPlugin
2020-07-04 20:13:50,764 [INFO] PluginManager:200 - loadIPPluginJar : add opamp
2020-07-04 20:13:50,765 [INFO] IPUIPlugin:65 - create IPUIPlugin
2020-07-04 20:13:50,766 [INFO] PluginManager:200 - loadIPPluginJar : add tracer_emb
2020-07-04 20:13:50,768 [INFO] IPUIPlugin:65 - create IPUIPlugin
2020-07-04 20:13:50,769 [INFO] PluginManager:200 - loadIPPluginJar : add aes
2020-07-04 20:13:50,808 [INFO] IPUIPlugin:65 - create IPUIPlugin
2020-07-04 20:13:50,808 [INFO] PluginManager:200 - loadIPPluginJar : add dma
2020-07-04 20:13:50,815 [INFO] IPUIPlugin:65 - create IPUIPlugin
2020-07-04 20:13:50,815 [INFO] PluginManager:200 - loadIPPluginJar : add pdm2pcm
2020-07-04 20:13:50,820 [INFO] IPUIPlugin:65 - create IPUIPlugin
2020-07-04 20:13:50,821 [INFO] PluginManager:200 - loadIPPluginJar : add usart
2020-07-04 20:13:50,837 [INFO] IPUIPlugin:65 - create IPUIPlugin
2020-07-04 20:13:50,837 [INFO] PluginManager:200 - loadIPPluginJar : add resmgrutility
2020-07-04 20:13:50,856 [INFO] IPUIPlugin:65 - create IPUIPlugin
2020-07-04 20:13:50,856 [INFO] PluginManager:200 - loadIPPluginJar : add cryp
2020-07-04 20:13:50,871 [INFO] IPUIPlugin:65 - create IPUIPlugin
2020-07-04 20:13:50,872 [INFO] PluginManager:200 - loadIPPluginJar : add hash
2020-07-04 20:13:50,897 [INFO] IPUIPlugin:65 - create IPUIPlugin
2020-07-04 20:13:50,898 [INFO] PluginManager:200 - loadIPPluginJar : add freertos
2020-07-04 20:13:50,916 [INFO] IPUIPlugin:65 - create IPUIPlugin
2020-07-04 20:13:50,916 [INFO] PluginManager:200 - loadIPPluginJar : add ucpd
2020-07-04 20:13:50,921 [INFO] IPUIPlugin:65 - create IPUIPlugin
2020-07-04 20:13:50,921 [INFO] PluginManager:200 - loadIPPluginJar : add gpio
2020-07-04 20:13:50,968 [INFO] IPUIPlugin:65 - create IPUIPlugin
2020-07-04 20:13:50,968 [INFO] PluginManager:200 - loadIPPluginJar : add can
2020-07-04 20:13:50,973 [INFO] IPUIPlugin:65 - create IPUIPlugin
2020-07-04 20:13:50,973 [INFO] PluginManager:200 - loadIPPluginJar : add tsc
2020-07-04 20:13:50,979 [INFO] IPUIPlugin:65 - create IPUIPlugin
2020-07-04 20:13:50,980 [INFO] PluginManager:200 - loadIPPluginJar : add gfxmmu
2020-07-04 20:13:51,010 [INFO] IPUIPlugin:65 - create IPUIPlugin
2020-07-04 20:13:51,010 [INFO] PluginManager:200 - loadIPPluginJar : add fatfs
2020-07-04 20:13:51,021 [INFO] IPUIPlugin:65 - create IPUIPlugin
2020-07-04 20:13:51,022 [INFO] PluginManager:200 - loadIPPluginJar : add comp
2020-07-04 20:13:51,061 [INFO] IPUIPlugin:65 - create IPUIPlugin
2020-07-04 20:13:51,061 [INFO] PluginManager:200 - loadIPPluginJar : add i2s
2020-07-04 20:13:51,064 [INFO] IPUIPlugin:65 - create IPUIPlugin
2020-07-04 20:13:51,064 [INFO] PluginManager:200 - loadIPPluginJar : add spi
2020-07-04 20:13:51,066 [INFO] IPUIPlugin:65 - create IPUIPlugin
2020-07-04 20:13:51,067 [INFO] PluginManager:200 - loadIPPluginJar : add tim
2020-07-04 20:13:51,070 [INFO] IPUIPlugin:65 - create IPUIPlugin
2020-07-04 20:13:51,070 [INFO] PluginManager:200 - loadIPPluginJar : add touchsensing
2020-07-04 20:13:51,097 [INFO] IPUIPlugin:65 - create IPUIPlugin
2020-07-04 20:13:51,097 [INFO] PluginManager:200 - loadIPPluginJar : add nvic
2020-07-04 20:13:51,129 [INFO] IPUIPlugin:65 - create IPUIPlugin
2020-07-04 20:13:51,129 [INFO] PluginManager:200 - loadIPPluginJar : add ipddr
2020-07-04 20:13:51,133 [INFO] IPUIPlugin:65 - create IPUIPlugin
2020-07-04 20:13:51,134 [INFO] PluginManager:200 - loadIPPluginJar : add fmc
2020-07-04 20:13:51,162 [INFO] IPUIPlugin:65 - create IPUIPlugin
2020-07-04 20:13:51,162 [INFO] PluginManager:200 - loadIPPluginJar : add sai
2020-07-04 20:13:51,174 [INFO] IPUIPlugin:65 - create IPUIPlugin
2020-07-04 20:13:51,174 [INFO] PluginManager:200 - loadIPPluginJar : add i2c
2020-07-04 20:13:51,202 [INFO] IPUIPlugin:65 - create IPUIPlugin
2020-07-04 20:13:51,203 [INFO] PluginManager:200 - loadIPPluginJar : add mdma
2020-07-04 20:13:51,531 [INFO] BoardConnectionPanel:3472 - [DDR PANEL] STM32CubeIDE environment
2020-07-04 20:13:51,531 [INFO] MainDdrPanel:103 - [DDR PANEL] GETTER - cubeProgrammerPath is: null
2020-07-04 20:13:51,771 [FATAL] Updater:277 - Updater called before beeing initialized
2020-07-04 20:13:51,966 [FATAL] Updater:277 - Updater called before beeing initialized
2020-07-04 20:13:51,972 [INFO] PinOutPanel:1420 - setPackage(No Configuration,No Configuration)
2020-07-04 20:13:51,973 [FATAL] Updater:277 - Updater called before beeing initialized
2020-07-04 20:13:51,977 [INFO] BoardConnectionPanel:3472 - [DDR PANEL] STM32CubeIDE environment
2020-07-04 20:13:51,978 [INFO] MainDdrPanel:103 - [DDR PANEL] GETTER - cubeProgrammerPath is: /opt/st/stm32cubeide_1.3.0/plugins/com.st.stm32cube.ide.mcu.externaltools.cubeprogrammer.linux64_1.3.0.202002181050/tools/bin
2020-07-04 20:13:51,982 [INFO] ProgrammerExecThread:148 - [ProgrammerAPI] CubeProgrammer command construction: /opt/st/stm32cubeide_1.3.0/plugins/com.st.stm32cube.ide.mcu.externaltools.cubeprogrammer.linux64_1.3.0.202002181050/tools/bin/STM32_Programmer_CLI -l
2020-07-04 20:13:52,082 [INFO] MainDdrPanel:93 - [DDR PANEL] SETTER - Set cubeProgrammerPath to: /opt/st/stm32cubeide_1.3.0/plugins/com.st.stm32cube.ide.mcu.externaltools.cubeprogrammer.linux64_1.3.0.202002181050/tools/bin
2020-07-04 20:13:52,121 [INFO] Updater:886 - Updater Version found : 5.6.1
2020-07-04 20:13:52,178 [INFO] ApplicationProperties:181 - Using Application install path: /opt/st/stm32cubeide_1.3.0/../../../home/lth/.eclipse/com.st.stm32cube.ide.mcu.rcp.product_1.3.0_1935175002_linux_gtk_x86_64/plugins/com.st.stm32cube.common.mx_5.6.1.202004052303
2020-07-04 20:13:52,657 [INFO] MainUpdater:2230 - connection check result : 10
2020-07-04 20:13:52,658 [INFO] MainUpdater:2874 - Updater definition file requires update
2020-07-04 20:13:52,658 [INFO] MainUpdater:236 - Updater Check For Update Now.
2020-07-04 20:13:52,658 [INFO] MicroXplorer:420 - Change Database Version : DB.5.0.60
2020-07-04 20:13:52,708 [INFO] ServerAccessManage:348 - Download File updaters.zip
2020-07-04 20:13:52,742 [WARN] MainUpdater:1073 - Updater busy. Cannot search thirdparties
2020-07-04 20:13:52,838 [INFO] FileExtend:225 - Unzip File : updaters.zip
2020-07-04 20:13:52,838 [INFO] FileExtend:240 - Standard Zip Deflate
2020-07-04 20:13:53,023 [INFO] ServerAccessManage:348 - Download File PacksControlFlags.xml
2020-07-04 20:13:53,108 [INFO] ServerAccessManage:348 - Download File cubemx.pidx
2020-07-04 20:13:53,265 [INFO] LoadServerUpdatesThread:301 - End of LoadServerUpdate Thread
2020-07-04 20:13:53,299 [INFO] CheckServerUpdateThread:92 - End of CheckServer Thread
2020-07-04 20:13:53,489 [INFO] MainUpdater:2230 - connection check result : 10
2020-07-04 20:13:53,491 [INFO] LogOutputStream:76 - [STDOUT_REDIRECT] Successfull proxy connection.
2020-07-04 20:13:53,940 [INFO] McuFinderGlobals:40 - Set McuFinder mode to 2 (CubeIDE integrated)
2020-07-04 20:13:53,948 [INFO] FinderPluginLoader:86 - Searching for filters in installed packs
2020-07-04 20:13:53,967 [INFO] DbMcusXml:110 - Load MCU database from /opt/st/stm32cubeide_1.3.0/../../../home/lth/.eclipse/com.st.stm32cube.ide.mcu.rcp.product_1.3.0_1935175002_linux_gtk_x86_64/plugins/com.st.stm32cube.common.mx_5.6.1.202004052303//db//mcu/families.xml
2020-07-04 20:13:55,355 [INFO] DbMcusJson:90 - JSON generation date=Tue Feb 11 23:02:54 MYT 2020 (1581433374)
2020-07-04 20:13:55,872 [INFO] ThirdPartyDb:261 - Close Third Party DataBase File (/home/lth/.stm32cubemx/plugins/thirdparty/db/thirdparties_db.xml)
2020-07-04 20:13:55,897 [INFO] IntegrityCheckThread:98 - End integrity checks thread
2020-07-04 20:13:56,344 [INFO] DbMcus:171 - Found 1670 MCUs (1625 are supported by CubeMX, 1625 are visible in CubeMX)
2020-07-04 20:13:56,362 [INFO] ApiDb:147 - User favorites file not found: /home/lth/.stm32cubeide/favorites.mcus.txt
2020-07-04 20:13:56,362 [INFO] DbMcus:183 - Set 0 / 0 favorites MCUs
2020-07-04 20:13:56,916 [INFO] DbMcusAds:143 - JSON generation date=Thu Feb 21 00:46:15 MYT 2019 (1550681175)
2020-07-04 20:13:56,918 [INFO] LoadUrlFilesThread:161 - End of LoadServerUrlFiles without Thread
2020-07-04 20:13:56,995 [INFO] McuDetailPanel:181 - Set advertising image to /home/lth/STM32Cube/Repository//PRSTM32MP10219-01-med.jpg
2020-07-04 20:13:58,295 [INFO] ServerAccessManage:348 - Download File mcusAds.json._tmp_
2020-07-04 20:13:58,324 [INFO] LoadUrlFilesThread:134 - End of LoadUrlFiles Thread
2020-07-04 20:13:58,766 [INFO] ServerAccessManage:348 - Download File mcusDocs.json._tmp_
2020-07-04 20:13:58,924 [INFO] DbMcusAds:143 - JSON generation date=Thu Apr 30 21:50:56 MYT 2020 (1588254656)
2020-07-04 20:13:58,925 [ERROR] DbUtils:100 - File not found: /home/lth/.stmcufinder/plugins/mcufinder//mcu/mcusDocs.json._tmp_
2020-07-04 20:13:58,925 [WARN] DbUtils:203 - Warning! success is not a boolean!
2020-07-04 20:13:58,925 [ERROR] DbMcusDocs:79 - No MCUs documents found !
2020-07-04 20:13:58,925 [ERROR] DbFile:108 - Temporary file not found: /home/lth/.stmcufinder/plugins/mcufinder/mcu/mcusDocs.json._tmp_
2020-07-04 20:13:58,992 [INFO] LoadUrlFilesThread:134 - End of LoadUrlFiles Thread
2020-07-04 20:13:59,003 [INFO] DbMcusDocs:142 - JSON generation date=Tue Feb 11 23:02:54 MYT 2020 (1581433374)
2020-07-04 20:13:59,621 [INFO] DbMcusDocs:77 - Found 571 MCUs documents
2020-07-04 20:13:59,622 [INFO] ApiDb:186 - Save user favorites file /home/lth/.stm32cubeide/favorites.mcus.txt: 0 item(s)
2020-07-04 20:13:59,622 [INFO] ApiDb:191 - User favorites MCUs=[]
2020-07-04 20:13:59,622 [INFO] DbMcusXml:110 - Load MCU database from /opt/st/stm32cubeide_1.3.0/../../../home/lth/.eclipse/com.st.stm32cube.ide.mcu.rcp.product_1.3.0_1935175002_linux_gtk_x86_64/plugins/com.st.stm32cube.common.mx_5.6.1.202004052303//db//mcu/families.xml
2020-07-04 20:13:59,927 [ERROR] DbUtils:100 - File not found: /home/lth/.stmcufinder/plugins/mcufinder//mcu/mcusFeaturesAndDescription.json._tmp_
2020-07-04 20:13:59,927 [WARN] DbUtils:203 - Warning! success is not a boolean!
2020-07-04 20:13:59,927 [ERROR] DbFile:108 - Temporary file not found: /home/lth/.stmcufinder/plugins/mcufinder/mcu/mcusFeaturesAndDescription.json._tmp_
2020-07-04 20:13:59,930 [INFO] DbMcus:171 - Found 1670 MCUs (1625 are supported by CubeMX, 1625 are visible in CubeMX)
2020-07-04 20:13:59,930 [INFO] ApiDb:158 - Load user favorites file /home/lth/.stm32cubeide/favorites.mcus.txt: 0 item(s)
2020-07-04 20:13:59,939 [INFO] ApiDb:163 - User favorites MCUs=[]
2020-07-04 20:13:59,939 [INFO] DbMcus:183 - Set 0 / 0 favorites MCUs
2020-07-04 20:14:00,059 [INFO] McuFilterPanel:249 - Update 0 favorites MCUs
2020-07-04 20:14:00,358 [ERROR] DbUtils:100 - File not found: /home/lth/.stmcufinder/plugins/mcufinder//mcu/boardsDocs.json._tmp_
2020-07-04 20:14:00,358 [WARN] DbUtils:203 - Warning! success is not a boolean!
2020-07-04 20:14:00,358 [ERROR] DbBoardsDocs:72 - No boards documents found !
2020-07-04 20:14:00,358 [ERROR] DbFile:108 - Temporary file not found: /home/lth/.stmcufinder/plugins/mcufinder/mcu/boardsDocs.json._tmp_
2020-07-04 20:14:00,423 [INFO] DbBoardsPdsc:92 - Found 9 items
2020-07-04 20:14:00,430 [INFO] DbBoardsPdsc:92 - Found 22 items
2020-07-04 20:14:00,443 [INFO] DbBoardsPdsc:92 - Found 2 items
2020-07-04 20:14:00,482 [INFO] DbBoardsPdsc:92 - Found 40 items
2020-07-04 20:14:00,502 [INFO] DbBoardsPdsc:92 - Found 1 items
2020-07-04 20:14:00,542 [INFO] DbBoardsPdsc:92 - Found 39 items
2020-07-04 20:14:00,565 [INFO] DbBoardsPdsc:92 - Found 28 items
2020-07-04 20:14:00,625 [INFO] DbBoardsPdsc:92 - Found 4 items
2020-07-04 20:14:00,641 [WARN] DbBoardsPdsc:256 - Board STM32H7B3I-DK: unknown feature type=Audio, name=, username=Audio stereo codec with Headphone Amp (CS42L51-CNZ), n=1
2020-07-04 20:14:00,641 [WARN] DbBoardsPdsc:256 - Board STM32H7B3I-DK: unknown feature type=WIFI, name=, username=WIFI 802.11 b/g/n, n=1
2020-07-04 20:14:00,643 [WARN] DbBoardsPdsc:256 - Board STM32H7B3I-EVAL: unknown feature type=Audio, name=, username=Multi-Channel Audio Codec (CS42L51-CNZ), n=1
2020-07-04 20:14:00,643 [WARN] DbBoardsPdsc:256 - Board STM32H7B3I-EVAL: unknown feature type=Meter, name=, username=Power-metering and Temperature-monitoring with sigma-delta modulators, n=1
2020-07-04 20:14:00,643 [WARN] DbBoardsPdsc:256 - Board STM32H7B3I-EVAL: unknown feature type=WIFI, name=, username=WIFI 802.11 a/b/g/n, n=1
2020-07-04 20:14:00,643 [WARN] DbBoardsPdsc:256 - Board STM32H7B3I-EVAL: unknown feature type=Motor, name=, username=Motor Control, n=1
2020-07-04 20:14:00,645 [ERROR] DbUtils:100 - File not found: /home/lth/.stmcufinder/plugins/mcufinder//mcu/boards.json._tmp_
2020-07-04 20:14:00,645 [WARN] DbUtils:203 - Warning! success is not a boolean!
2020-07-04 20:14:00,645 [ERROR] DbFile:108 - Temporary file not found: /home/lth/.stmcufinder/plugins/mcufinder/mcu/boards.json._tmp_
2020-07-04 20:14:00,646 [INFO] DbBoards:120 - Found 145 boards (142 are supported by CubeMX)
2020-07-04 20:14:00,670 [INFO] DbBoardsDocs:131 - JSON generation date=Tue Feb 11 23:02:54 MYT 2020 (1581433374)
2020-07-04 20:14:00,680 [ERROR] DbBoardsDocs:72 - No boards documents found !
2020-07-04 20:14:00,695 [INFO] DbBoardsDocs:131 - JSON generation date=Tue Feb 11 23:02:54 MYT 2020 (1581433374)
2020-07-04 20:14:00,708 [ERROR] DbBoardsDocs:72 - No boards documents found !
2020-07-04 20:14:00,708 [WARN] DbBoards:130 - board NUCLEO-F042K6 has no document id list !
2020-07-04 20:14:00,708 [WARN] DbBoards:130 - board NUCLEO-F031K6 has no document id list !
2020-07-04 20:14:00,708 [WARN] DbBoards:130 - board NUCLEO-F303K8 has no document id list !
2020-07-04 20:14:00,709 [WARN] DbBoards:130 - board NUCLEO-L031K6 has no document id list !
2020-07-04 20:14:00,709 [WARN] DbBoards:130 - board NUCLEO-L011K4 has no document id list !
2020-07-04 20:14:00,709 [WARN] DbBoards:130 - board NUCLEO-L432KC has no document id list !
2020-07-04 20:14:00,709 [WARN] DbBoards:130 - board NUCLEO-L412KB has no document id list !
2020-07-04 20:14:00,709 [WARN] DbBoards:130 - board NUCLEO-G431KB has no document id list !
2020-07-04 20:14:00,709 [WARN] DbBoards:130 - board NUCLEO-G031K8 has no document id list !
2020-07-04 20:14:00,709 [WARN] DbBoards:130 - board NUCLEO-F303ZE has no document id list !
2020-07-04 20:14:00,709 [WARN] DbBoards:130 - board NUCLEO-F207ZG has no document id list !
2020-07-04 20:14:00,709 [WARN] DbBoards:130 - board NUCLEO-F429ZI has no document id list !
2020-07-04 20:14:00,710 [WARN] DbBoards:130 - board NUCLEO-F439ZI has no document id list !
2020-07-04 20:14:00,710 [WARN] DbBoards:130 - board NUCLEO-F446ZE has no document id list !
2020-07-04 20:14:00,710 [WARN] DbBoards:130 - board NUCLEO-F746ZG has no document id list !
2020-07-04 20:14:00,710 [WARN] DbBoards:130 - board NUCLEO-F767ZI has no document id list !
2020-07-04 20:14:00,710 [WARN] DbBoards:130 - board NUCLEO-F412ZG has no document id list !
2020-07-04 20:14:00,710 [WARN] DbBoards:130 - board NUCLEO-F413ZH has no document id list !
2020-07-04 20:14:00,710 [WARN] DbBoards:130 - board NUCLEO-L496ZG has no document id list !
2020-07-04 20:14:00,710 [WARN] DbBoards:130 - board NUCLEO-L496ZG-P has no document id list !
2020-07-04 20:14:00,710 [WARN] DbBoards:130 - board NUCLEO-L4R5ZI has no document id list !
2020-07-04 20:14:00,710 [WARN] DbBoards:130 - board NUCLEO-L4R5ZI-P has no document id list !
2020-07-04 20:14:00,710 [WARN] DbBoards:130 - board NUCLEO-F722ZE has no document id list !
2020-07-04 20:14:00,711 [WARN] DbBoards:130 - board NUCLEO-H743ZI has no document id list !
2020-07-04 20:14:00,711 [WARN] DbBoards:130 - board NUCLEO-H743ZI2 has no document id list !
2020-07-04 20:14:00,711 [WARN] DbBoards:130 - board NUCLEO-H753ZI has no document id list !
2020-07-04 20:14:00,711 [WARN] DbBoards:130 - board NUCLEO-H745ZI-Q has no document id list !
2020-07-04 20:14:00,711 [WARN] DbBoards:130 - board NUCLEO-H755ZI-Q has no document id list !
2020-07-04 20:14:00,711 [WARN] DbBoards:130 - board NUCLEO-H7A3ZI-Q has no document id list !
2020-07-04 20:14:00,711 [WARN] DbBoards:130 - board NUCLEO-L552ZE-Q has no document id list !
2020-07-04 20:14:00,711 [WARN] DbBoards:130 - board NUCLEO-L4P5ZG has no document id list !
2020-07-04 20:14:00,711 [WARN] DbBoards:130 - board STEVAL-BFA001V1B has no document id list !
2020-07-04 20:14:00,712 [WARN] DbBoards:130 - board STEVAL-BFA001V2B has no document id list !
2020-07-04 20:14:00,712 [WARN] DbBoards:130 - board STM32F0DISCOVERY has no document id list !
2020-07-04 20:14:00,712 [WARN] DbBoards:130 - board STM32F0308-DISCO has no document id list !
2020-07-04 20:14:00,712 [WARN] DbBoards:130 - board STM32F072B-DISCO has no document id list !
2020-07-04 20:14:00,712 [WARN] DbBoards:130 - board STM32F3DISCOVERY has no document id list !
2020-07-04 20:14:00,712 [WARN] DbBoards:130 - board STM32F3348-DISCO has no document id list !
2020-07-04 20:14:00,712 [WARN] DbBoards:130 - board STM32F401C-DISCO has no document id list !
2020-07-04 20:14:00,712 [WARN] DbBoards:130 - board STM32F411E-DISCO has no document id list !
2020-07-04 20:14:00,712 [WARN] DbBoards:130 - board STM32F407G-DISC1 has no document id list !
2020-07-04 20:14:00,712 [WARN] DbBoards:130 - board STM32F429I-DISC1 has no document id list !
2020-07-04 20:14:00,712 [WARN] DbBoards:130 - board STM32F469I-DISCO has no document id list !
2020-07-04 20:14:00,713 [WARN] DbBoards:130 - board STM32F746G-DISCO has no document id list !
2020-07-04 20:14:00,713 [WARN] DbBoards:130 - board STM32F769I-DISCO has no document id list !
2020-07-04 20:14:00,713 [WARN] DbBoards:130 - board STM32F769I-DISC1 has no document id list !
2020-07-04 20:14:00,713 [WARN] DbBoards:130 - board STM32F723E-DISCO has no document id list !
2020-07-04 20:14:00,713 [WARN] DbBoards:130 - board B-G474E-DPOW1 has no document id list !
2020-07-04 20:14:00,713 [WARN] DbBoards:130 - board STM32F7308-DK has no document id list !
2020-07-04 20:14:00,713 [WARN] DbBoards:130 - board STM32F7508-DK has no document id list !
2020-07-04 20:14:00,713 [WARN] DbBoards:130 - board STM32L0538-DISCO has no document id list !
2020-07-04 20:14:00,713 [WARN] DbBoards:130 - board STM32L100C-DISCO has no document id list !
2020-07-04 20:14:00,713 [WARN] DbBoards:130 - board STM32L-DISCOVERY has no document id list !
2020-07-04 20:14:00,714 [WARN] DbBoards:130 - board STM32L152C-DISCO has no document id list !
2020-07-04 20:14:00,714 [WARN] DbBoards:130 - board STM32L476G-DISCO has no document id list !
2020-07-04 20:14:00,714 [WARN] DbBoards:130 - board STM32F412G-DISCO has no document id list !
2020-07-04 20:14:00,714 [WARN] DbBoards:130 - board STM32F413H-DISCO has no document id list !
2020-07-04 20:14:00,714 [WARN] DbBoards:130 - board STM32VLDISCOVERY has no document id list !
2020-07-04 20:14:00,714 [WARN] DbBoards:130 - board STM32L496G-DISCO has no document id list !
2020-07-04 20:14:00,714 [WARN] DbBoards:130 - board B-L475E-IOT01A1 has no document id list !
2020-07-04 20:14:00,714 [WARN] DbBoards:130 - board STM32G071B-DISCO has no document id list !
2020-07-04 20:14:00,714 [WARN] DbBoards:130 - board STM32G0316-DISCO has no document id list !
2020-07-04 20:14:00,714 [WARN] DbBoards:130 - board STM32H747I-DISCO has no document id list !
2020-07-04 20:14:00,714 [WARN] DbBoards:130 - board STM32H747I-DISC1 has no document id list !
2020-07-04 20:14:00,714 [WARN] DbBoards:130 - board STM32H745I-DISCO has no document id list !
2020-07-04 20:14:00,715 [WARN] DbBoards:130 - board STM32H750B-DK has no document id list !
2020-07-04 20:14:00,715 [WARN] DbBoards:130 - board STM32H7B3I-DK has no document id list !
2020-07-04 20:14:00,715 [WARN] DbBoards:130 - board STM32L4R9I-DISCO has no document id list !
2020-07-04 20:14:00,715 [WARN] DbBoards:130 - board B-L072Z-LRWAN1 has no document id list !
2020-07-04 20:14:00,715 [WARN] DbBoards:130 - board STM32MP157A-DK1 has no document id list !
2020-07-04 20:14:00,715 [WARN] DbBoards:130 - board STM32MP157C-DK2 has no document id list !
2020-07-04 20:14:00,715 [WARN] DbBoards:130 - board STM32L562E-DK has no document id list !
2020-07-04 20:14:00,715 [WARN] DbBoards:130 - board STM32L4P5G-DK has no document id list !
2020-07-04 20:14:00,716 [WARN] DbBoards:130 - board P-NUCLEO-WB55 has no document id list !
2020-07-04 20:14:00,716 [WARN] DbBoards:130 - board STM32072B-EVAL has no document id list !
2020-07-04 20:14:00,716 [WARN] DbBoards:130 - board STM32091C-EVAL has no document id list !
2020-07-04 20:14:00,716 [WARN] DbBoards:130 - board STM3210C-EVAL has no document id list !
2020-07-04 20:14:00,716 [WARN] DbBoards:130 - board STM3210E-EVAL has no document id list !
2020-07-04 20:14:00,716 [WARN] DbBoards:130 - board STM32100E-EVAL has no document id list !
2020-07-04 20:14:00,716 [WARN] DbBoards:130 - board STM3220G-EVAL has no document id list !
2020-07-04 20:14:00,716 [WARN] DbBoards:130 - board STM3221G-EVAL has no document id list !
2020-07-04 20:14:00,716 [WARN] DbBoards:130 - board STM32303C-EVAL has no document id list !
2020-07-04 20:14:00,717 [WARN] DbBoards:130 - board STM32303E-EVAL has no document id list !
2020-07-04 20:14:00,717 [WARN] DbBoards:130 - board STM32373C-EVAL has no document id list !
2020-07-04 20:14:00,717 [WARN] DbBoards:130 - board STM3240G-EVAL has no document id list !
2020-07-04 20:14:00,717 [WARN] DbBoards:130 - board STM3241G-EVAL has no document id list !
2020-07-04 20:14:00,717 [WARN] DbBoards:130 - board STM32429I-EVAL1 has no document id list !
2020-07-04 20:14:00,717 [WARN] DbBoards:130 - board STM32439I-EVAL2 has no document id list !
2020-07-04 20:14:00,717 [WARN] DbBoards:130 - board STM32L152D-EVAL has no document id list !
2020-07-04 20:14:00,717 [WARN] DbBoards:130 - board STM32446E-EVAL has no document id list !
2020-07-04 20:14:00,718 [WARN] DbBoards:130 - board STM32746G-EVAL2 has no document id list !
2020-07-04 20:14:00,718 [WARN] DbBoards:130 - board STM32756G-EVAL2 has no document id list !
2020-07-04 20:14:00,718 [WARN] DbBoards:130 - board STM32F769I-EVAL has no document id list !
2020-07-04 20:14:00,718 [WARN] DbBoards:130 - board STM32F779I-EVAL has no document id list !
2020-07-04 20:14:00,718 [WARN] DbBoards:130 - board STM32L476G-EVAL has no document id list !
2020-07-04 20:14:00,718 [WARN] DbBoards:130 - board STM32469I-EVAL has no document id list !
2020-07-04 20:14:00,718 [WARN] DbBoards:130 - board STM32479I-EVAL has no document id list !
2020-07-04 20:14:00,718 [WARN] DbBoards:130 - board STM32L073Z-EVAL has no document id list !
2020-07-04 20:14:00,718 [WARN] DbBoards:130 - board STM32H743I-EVAL has no document id list !
2020-07-04 20:14:00,719 [WARN] DbBoards:130 - board STM32H743I-EVAL2 has no document id list !
2020-07-04 20:14:00,719 [WARN] DbBoards:130 - board STM32H753I-EVAL has no document id list !
2020-07-04 20:14:00,719 [WARN] DbBoards:130 - board STM32H7B3I-EVAL has no document id list !
2020-07-04 20:14:00,719 [WARN] DbBoards:130 - board STM32G081B-EVAL has no document id list !
2020-07-04 20:14:00,719 [WARN] DbBoards:130 - board STM32H753I-EVAL2 has no document id list !
2020-07-04 20:14:00,719 [WARN] DbBoards:130 - board STM32H747I-EVAL has no document id list !
2020-07-04 20:14:00,719 [WARN] DbBoards:130 - board STM32H757I-EVAL has no document id list !
2020-07-04 20:14:00,719 [WARN] DbBoards:130 - board STM32L4R9I-EVAL has no document id list !
2020-07-04 20:14:00,719 [WARN] DbBoards:130 - board STM32MP157C-EV1 has no document id list !
2020-07-04 20:14:00,720 [WARN] DbBoards:130 - board STM32MP157A-EV1 has no document id list !
2020-07-04 20:14:00,720 [WARN] DbBoards:130 - board STM32G474E-EVAL has no document id list !
2020-07-04 20:14:00,720 [WARN] DbBoards:130 - board STM32G474E-EVAL1 has no document id list !
2020-07-04 20:14:00,720 [WARN] DbBoards:130 - board STM32G484E-EVAL has no document id list !
2020-07-04 20:14:00,720 [WARN] DbBoards:130 - board STM32L552E-EV has no document id list !
2020-07-04 20:14:00,720 [WARN] DbBoards:130 - board NUCLEO-F030R8 has no document id list !
2020-07-04 20:14:00,720 [WARN] DbBoards:130 - board NUCLEO-F070RB has no document id list !
2020-07-04 20:14:00,720 [WARN] DbBoards:130 - board NUCLEO-F072RB has no document id list !
2020-07-04 20:14:00,720 [WARN] DbBoards:130 - board NUCLEO-F091RC has no document id list !
2020-07-04 20:14:00,720 [WARN] DbBoards:130 - board NUCLEO-F103RB has no document id list !
2020-07-04 20:14:00,721 [WARN] DbBoards:130 - board NUCLEO-F302R8 has no document id list !
2020-07-04 20:14:00,721 [WARN] DbBoards:130 - board NUCLEO-F303RE has no document id list !
2020-07-04 20:14:00,721 [WARN] DbBoards:130 - board NUCLEO-F334R8 has no document id list !
2020-07-04 20:14:00,721 [WARN] DbBoards:130 - board NUCLEO-F401RE has no document id list !
2020-07-04 20:14:00,721 [WARN] DbBoards:130 - board NUCLEO-F411RE has no document id list !
2020-07-04 20:14:00,721 [WARN] DbBoards:130 - board NUCLEO-L053R8 has no document id list !
2020-07-04 20:14:00,721 [WARN] DbBoards:130 - board NUCLEO-L152RE has no document id list !
2020-07-04 20:14:00,721 [WARN] DbBoards:130 - board NUCLEO-F446RE has no document id list !
2020-07-04 20:14:00,721 [WARN] DbBoards:130 - board NUCLEO-L476RG has no document id list !
2020-07-04 20:14:00,721 [WARN] DbBoards:130 - board NUCLEO-F410RB has no document id list !
2020-07-04 20:14:00,722 [WARN] DbBoards:130 - board NUCLEO-L073RZ has no document id list !
2020-07-04 20:14:00,722 [WARN] DbBoards:130 - board NUCLEO-L010RB has no document id list !
2020-07-04 20:14:00,722 [WARN] DbBoards:130 - board NUCLEO-L452RE has no document id list !
2020-07-04 20:14:00,722 [WARN] DbBoards:130 - board NUCLEO-L452RE-P has no document id list !
2020-07-04 20:14:00,722 [WARN] DbBoards:130 - board NUCLEO-L433RC-P has no document id list !
2020-07-04 20:14:00,722 [WARN] DbBoards:130 - board NUCLEO-L412RB-P has no document id list !
2020-07-04 20:14:00,722 [WARN] DbBoards:130 - board NUCLEO-G071RB has no document id list !
2020-07-04 20:14:00,722 [WARN] DbBoards:130 - board NUCLEO-G070RB has no document id list !
2020-07-04 20:14:00,722 [WARN] DbBoards:130 - board P-NUCLEO-WB55-Nucleo has no document id list !
2020-07-04 20:14:00,722 [WARN] DbBoards:130 - board P-NUCLEO-WB55-USBDongle has no document id list !
2020-07-04 20:14:00,723 [WARN] DbBoards:130 - board NUCLEO-WB35CE has no document id list !
2020-07-04 20:14:00,723 [WARN] DbBoards:130 - board NUCLEO-G431RB has no document id list !
2020-07-04 20:14:00,723 [WARN] DbBoards:130 - board NUCLEO-G474RE has no document id list !
2020-07-04 20:14:00,723 [WARN] DbBoards:130 - board STEVAL-MKSBOX1V1 has no document id list !
2020-07-04 20:14:00,723 [WARN] DbBoards:130 - board STEVAL-STWINKT1 has no document id list !
2020-07-04 20:14:00,723 [WARN] DbBoards:130 - board STEVAL-IDP005V1 has no document id list !
2020-07-04 20:14:00,723 [WARN] DbBoards:130 - board STEVAL-IDP005V2 has no document id list !
2020-07-04 20:14:02,821 [ERROR] DbBoards:192 - Image file not found for board STM32H750B-DK: /opt/st/stm32cubeide_1.3.0/../../../home/lth/.eclipse/com.st.stm32cube.ide.mcu.rcp.product_1.3.0_1935175002_linux_gtk_x86_64/plugins/com.st.stm32cube.common.mx_5.6.1.202004052303//db//plugins/mcufinder/images/boards/STM32H750B-DK_small.jpg
2020-07-04 20:14:02,821 [ERROR] DbBoards:192 - Image file not found for board STM32H7B3I-DK: /opt/st/stm32cubeide_1.3.0/../../../home/lth/.eclipse/com.st.stm32cube.ide.mcu.rcp.product_1.3.0_1935175002_linux_gtk_x86_64/plugins/com.st.stm32cube.common.mx_5.6.1.202004052303//db//plugins/mcufinder/images/boards/stm32h7b3i-dk_small.jpg
2020-07-04 20:14:03,846 [ERROR] DbBoards:192 - Image file not found for board STM32H747I-EVAL: /opt/st/stm32cubeide_1.3.0/../../../home/lth/.eclipse/com.st.stm32cube.ide.mcu.rcp.product_1.3.0_1935175002_linux_gtk_x86_64/plugins/com.st.stm32cube.common.mx_5.6.1.202004052303//db//plugins/mcufinder/images/boards/stm32h747iEVAL_small.jpg
2020-07-04 20:14:03,846 [ERROR] DbBoards:192 - Image file not found for board STM32H757I-EVAL: /opt/st/stm32cubeide_1.3.0/../../../home/lth/.eclipse/com.st.stm32cube.ide.mcu.rcp.product_1.3.0_1935175002_linux_gtk_x86_64/plugins/com.st.stm32cube.common.mx_5.6.1.202004052303//db//plugins/mcufinder/images/boards/stm32h757iEVAL_small.jpg
2020-07-04 20:14:04,527 [INFO] ApiDb:147 - User favorites file not found: /home/lth/.stm32cubeide/favorites.boards.txt
2020-07-04 20:14:04,527 [INFO] DbBoards:209 - Set 0 / 0 favorites Boards
2020-07-04 20:14:04,528 [INFO] ApiDb:186 - Save user favorites file /home/lth/.stm32cubeide/favorites.boards.txt: 0 item(s)
2020-07-04 20:14:04,528 [INFO] ApiDb:191 - User favorites Boards=[]
2020-07-04 20:14:04,529 [INFO] DbBoardsPdsc:92 - Found 9 items
2020-07-04 20:14:04,532 [INFO] DbBoardsPdsc:92 - Found 22 items
2020-07-04 20:14:04,534 [INFO] DbBoardsPdsc:92 - Found 2 items
2020-07-04 20:14:04,541 [INFO] DbBoardsPdsc:92 - Found 40 items
2020-07-04 20:14:04,542 [INFO] DbBoardsPdsc:92 - Found 1 items
2020-07-04 20:14:04,560 [INFO] DbBoardsPdsc:92 - Found 39 items
2020-07-04 20:14:04,563 [INFO] DbBoardsPdsc:92 - Found 28 items
2020-07-04 20:14:04,564 [INFO] DbBoardsPdsc:92 - Found 4 items
2020-07-04 20:14:04,566 [WARN] DbBoardsPdsc:256 - Board STM32H7B3I-DK: unknown feature type=Audio, name=, username=Audio stereo codec with Headphone Amp (CS42L51-CNZ), n=1
2020-07-04 20:14:04,566 [WARN] DbBoardsPdsc:256 - Board STM32H7B3I-DK: unknown feature type=WIFI, name=, username=WIFI 802.11 b/g/n, n=1
2020-07-04 20:14:04,568 [WARN] DbBoardsPdsc:256 - Board STM32H7B3I-EVAL: unknown feature type=Audio, name=, username=Multi-Channel Audio Codec (CS42L51-CNZ), n=1
2020-07-04 20:14:04,569 [WARN] DbBoardsPdsc:256 - Board STM32H7B3I-EVAL: unknown feature type=Meter, name=, username=Power-metering and Temperature-monitoring with sigma-delta modulators, n=1
2020-07-04 20:14:04,569 [WARN] DbBoardsPdsc:256 - Board STM32H7B3I-EVAL: unknown feature type=WIFI, name=, username=WIFI 802.11 a/b/g/n, n=1
2020-07-04 20:14:04,569 [WARN] DbBoardsPdsc:256 - Board STM32H7B3I-EVAL: unknown feature type=Motor, name=, username=Motor Control, n=1
2020-07-04 20:14:04,614 [INFO] DbBoardsJson:80 - JSON generation date=Tue Feb 11 21:53:55 MYT 2020 (1581429235)
2020-07-04 20:14:04,622 [INFO] DbBoards:120 - Found 145 boards (142 are supported by CubeMX)
2020-07-04 20:14:04,631 [INFO] DbBoardsDocs:131 - JSON generation date=Tue Feb 11 23:02:54 MYT 2020 (1581433374)
2020-07-04 20:14:04,643 [INFO] DbBoardsDocs:70 - Found 173 boards documents
2020-07-04 20:14:04,644 [WARN] DbBoards:130 - board NUCLEO-H743ZI2 has no document id list !
2020-07-04 20:14:04,644 [WARN] DbBoards:130 - board NUCLEO-L4P5ZG has no document id list !
2020-07-04 20:14:04,644 [WARN] DbBoards:130 - board STEVAL-BFA001V1B has no document id list !
2020-07-04 20:14:04,644 [WARN] DbBoards:130 - board STEVAL-BFA001V2B has no document id list !
2020-07-04 20:14:04,645 [WARN] DbBoards:130 - board STM32F401C-DISCO has no document id list !
2020-07-04 20:14:04,645 [WARN] DbBoards:130 - board STM32F769I-DISC1 has no document id list !
2020-07-04 20:14:04,645 [WARN] DbBoards:130 - board STM32L-DISCOVERY has no document id list !
2020-07-04 20:14:04,646 [WARN] DbBoards:130 - board STM32H747I-DISC1 has no document id list !
2020-07-04 20:14:04,646 [WARN] DbBoards:130 - board STM32MP157A-DK1 has no document id list !
2020-07-04 20:14:04,646 [WARN] DbBoards:130 - board STM32L4P5G-DK has no document id list !
2020-07-04 20:14:04,646 [WARN] DbBoards:130 - board STM32100E-EVAL has no document id list !
2020-07-04 20:14:04,646 [WARN] DbBoards:130 - board STM32303C-EVAL has no document id list !
2020-07-04 20:14:04,646 [WARN] DbBoards:130 - board STM32L152D-EVAL has no document id list !
2020-07-04 20:14:04,646 [WARN] DbBoards:130 - board STM32H743I-EVAL2 has no document id list !
2020-07-04 20:14:04,646 [WARN] DbBoards:130 - board STM32H753I-EVAL2 has no document id list !
2020-07-04 20:14:04,647 [WARN] DbBoards:130 - board STM32G474E-EVAL1 has no document id list !
2020-07-04 20:14:04,647 [WARN] DbBoards:130 - board P-NUCLEO-WB55-Nucleo has no document id list !
2020-07-04 20:14:04,647 [WARN] DbBoards:130 - board P-NUCLEO-WB55-USBDongle has no document id list !
2020-07-04 20:14:04,647 [WARN] DbBoards:130 - board NUCLEO-WB35CE has no document id list !
2020-07-04 20:14:04,648 [WARN] DbBoards:130 - board STEVAL-MKSBOX1V1 has no document id list !
2020-07-04 20:14:04,648 [WARN] DbBoards:130 - board STEVAL-STWINKT1 has no document id list !
2020-07-04 20:14:04,648 [WARN] DbBoards:130 - board STEVAL-IDP005V1 has no document id list !
2020-07-04 20:14:04,648 [WARN] DbBoards:130 - board STEVAL-IDP005V2 has no document id list !
2020-07-04 20:14:04,998 [ERROR] DbBoards:192 - Image file not found for board STM32H7B3I-DK: /opt/st/stm32cubeide_1.3.0/../../../home/lth/.eclipse/com.st.stm32cube.ide.mcu.rcp.product_1.3.0_1935175002_linux_gtk_x86_64/plugins/com.st.stm32cube.common.mx_5.6.1.202004052303//db//plugins/mcufinder/images/boards/stm32h7b3i-dk_small.jpg
2020-07-04 20:14:05,206 [ERROR] DbBoards:192 - Image file not found for board STM32H747I-EVAL: /opt/st/stm32cubeide_1.3.0/../../../home/lth/.eclipse/com.st.stm32cube.ide.mcu.rcp.product_1.3.0_1935175002_linux_gtk_x86_64/plugins/com.st.stm32cube.common.mx_5.6.1.202004052303//db//plugins/mcufinder/images/boards/stm32h747ieval_small.jpg
2020-07-04 20:14:05,206 [ERROR] DbBoards:192 - Image file not found for board STM32H757I-EVAL: /opt/st/stm32cubeide_1.3.0/../../../home/lth/.eclipse/com.st.stm32cube.ide.mcu.rcp.product_1.3.0_1935175002_linux_gtk_x86_64/plugins/com.st.stm32cube.common.mx_5.6.1.202004052303//db//plugins/mcufinder/images/boards/stm32h747ieval_small.jpg
2020-07-04 20:14:05,393 [INFO] ApiDb:158 - Load user favorites file /home/lth/.stm32cubeide/favorites.boards.txt: 0 item(s)
2020-07-04 20:14:05,393 [INFO] ApiDb:163 - User favorites Boards=[]
2020-07-04 20:14:05,394 [INFO] DbBoards:209 - Set 0 / 0 favorites Boards
2020-07-04 20:14:05,551 [INFO] LoadUrlFilesThread:161 - End of LoadServerUrlFiles without Thread
2020-07-04 20:14:05,551 [INFO] MultiScanPanel:739 - Refresh data is succesful
2020-07-04 20:14:05,552 [INFO] McuFilterPanel:249 - Update 0 favorites MCUs
2020-07-04 20:14:05,822 [INFO] ServerAccessManage:348 - Download File 
2020-07-04 20:14:05,825 [INFO] LoadUrlFilesThread:161 - End of LoadServerUrlFiles without Thread
2020-07-04 20:14:05,838 [INFO] BoardDetailPanel:180 - Set advertising image to /home/lth/STM32Cube/Repository//PR_STM32Cube_GitHub_0320_V1.png
2020-07-04 20:14:05,870 [INFO] BoardFilterPanel:211 - Update 0 favorites Boards
2020-07-04 20:14:05,977 [INFO] CrossSelectorPresenter:1319 - Cross Selector saved comparison directory: /home/lth/.stmcufinder/plugins/mcufinder/mcu/cs_comparisons_mx
2020-07-04 20:14:44,334 [INFO] LogOutputStream:76 - [STDOUT_REDIRECT] withoutVersionV1.25.0
2020-07-04 20:14:44,697 [INFO] LogOutputStream:76 - [STDOUT_REDIRECT] File copied successfully!!
2020-07-04 20:14:50,299 [INFO] MainUpdater:2230 - connection check result : 10
2020-07-04 20:14:50,408 [INFO] MicroXplorer:390 - Change Database Path : 
2020-07-04 20:14:50,408 [INFO] MicroXplorer:420 - Change Database Version : DB.5.0.60
2020-07-04 20:14:50,412 [INFO] PinOutPanel:1420 - setPackage(No Configuration,No Configuration)
2020-07-04 20:14:50,413 [INFO] UtilMem:74 - Begin LoadConfig() Used Memory: 311164928 Bytes (667942912)
2020-07-04 20:14:50,413 [INFO] MicroXplorer:390 - Change Database Path : 
2020-07-04 20:14:50,414 [INFO] MicroXplorer:420 - Change Database Version : DB.5.0.60
2020-07-04 20:14:50,414 [INFO] OpenFileManager:274 - Change cursor
2020-07-04 20:14:54,853 [INFO] ImportTextPane:162 - (OptionalMessage_ERROR) Unable to find key (Mcu.ThirdPartyNb) in loaded IOC file
2020-07-04 20:14:54,853 [INFO] ImportTextPane:162 - (OptionalMessage_ERROR) Unable to find key (Mcu.PinsNb) in loaded IOC file
2020-07-04 20:14:54,853 [INFO] ImportTextPane:162 - (OptionalMessage_ERROR) Unable to find key (Mcu.IPNb) in loaded IOC file
2020-07-04 20:14:55,603 [INFO] UtilMem:74 - End LoadConfig() Used Memory: 337678496 Bytes (667942912)
2020-07-04 20:14:55,615 [INFO] ThirdPartyDb:295 - Open Third Party DataBase File (/home/lth/.stm32cubemx/plugins/thirdparty/db/thirdparties_db.xml) : 4 ms. number of Sw pack : 10
2020-07-04 20:14:55,750 [INFO] ThirdParty:899 - CMSIS Pack Vendor :STMicroelectronics X-CUBE-BLE1 5.0.0
2020-07-04 20:14:55,750 [INFO] ThirdParty:899 - CMSIS Pack Vendor :STMicroelectronics X-CUBE-SUBG2 1.1.0
2020-07-04 20:14:55,750 [INFO] ThirdParty:899 - CMSIS Pack Vendor :STMicroelectronics X-CUBE-GNSS1 4.1.0
2020-07-04 20:14:55,750 [INFO] ThirdParty:899 - CMSIS Pack Vendor :STMicroelectronics X-CUBE-TOUCHGFX 4.13.0
2020-07-04 20:14:55,750 [INFO] ThirdParty:899 - CMSIS Pack Vendor :STMicroelectronics X-CUBE-NFC4 1.5.2
2020-07-04 20:14:55,751 [INFO] ThirdParty:899 - CMSIS Pack Vendor :STMicroelectronics X-CUBE-AI 5.1.1
2020-07-04 20:14:55,751 [INFO] ThirdParty:899 - CMSIS Pack Vendor :STMicroelectronics FreeRTOS 0.0.1
2020-07-04 20:14:55,751 [INFO] ThirdParty:899 - CMSIS Pack Vendor :STMicroelectronics X-CUBE-MEMS1 7.2.0
2020-07-04 20:14:55,751 [INFO] ThirdParty:899 - CMSIS Pack Vendor :STMicroelectronics X-CUBE-ALGOBUILD 1.0.0
2020-07-04 20:14:55,751 [INFO] ThirdParty:899 - CMSIS Pack Vendor :STMicroelectronics X-CUBE-BLE2 1.0.0
2020-07-04 20:14:56,111 [INFO] PinOutPanel:1420 - setPackage(No Configuration,No Configuration)
2020-07-04 20:14:56,112 [INFO] PinOutPanel:1420 - setPackage(STM32F405RGTx,LQFP64)
2020-07-04 20:14:56,730 [INFO] UtilMem:74 - Before build in PCC Used Memory: 500507648 Bytes (667942912)
2020-07-04 20:14:57,424 [INFO] SharedServices:71 - Folder for power plug-in: /home/lth/.stm32cubemx/plugins/power
2020-07-04 20:14:57,491 [INFO] SharedServices:71 - Folder for power plug-in: /home/lth/.stm32cubemx/plugins/power
2020-07-04 20:14:57,536 [INFO] SharedServices:71 - Folder for power plug-in: /home/lth/.stm32cubemx/plugins/power
2020-07-04 20:14:57,542 [INFO] SharedServices:71 - Folder for power plug-in: /home/lth/.stm32cubemx/plugins/power
2020-07-04 20:14:57,808 [INFO] UtilMem:74 - After build in PCC Used Memory: 560798728 Bytes (667942912)
2020-07-04 20:14:57,852 [INFO] IPUIPlugin:65 - create IPUIPlugin
2020-07-04 20:14:57,852 [INFO] IPUIPlugin:65 - create IPUIPlugin
2020-07-04 20:14:57,853 [INFO] IPUIPlugin:65 - create IPUIPlugin
2020-07-04 20:14:57,853 [INFO] IPUIPlugin:65 - create IPUIPlugin
2020-07-04 20:14:57,853 [INFO] IPUIPlugin:65 - create IPUIPlugin
2020-07-04 20:14:57,853 [INFO] IPUIPlugin:65 - create IPUIPlugin
2020-07-04 20:14:57,853 [INFO] IPUIPlugin:65 - create IPUIPlugin
2020-07-04 20:14:57,853 [INFO] IPUIPlugin:65 - create IPUIPlugin
2020-07-04 20:14:57,854 [INFO] IPUIPlugin:65 - create IPUIPlugin
2020-07-04 20:14:57,854 [INFO] IPUIPlugin:65 - create IPUIPlugin
2020-07-04 20:14:57,854 [INFO] IPUIPlugin:65 - create IPUIPlugin
2020-07-04 20:14:57,854 [INFO] IPUIPlugin:65 - create IPUIPlugin
2020-07-04 20:14:57,855 [INFO] IPUIPlugin:65 - create IPUIPlugin
2020-07-04 20:14:57,855 [INFO] IPUIPlugin:65 - create IPUIPlugin
2020-07-04 20:14:57,856 [INFO] IPUIPlugin:65 - create IPUIPlugin
2020-07-04 20:14:57,856 [INFO] IPUIPlugin:65 - create IPUIPlugin
2020-07-04 20:14:57,857 [INFO] IPUIPlugin:65 - create IPUIPlugin
2020-07-04 20:14:57,859 [INFO] IPUIPlugin:65 - create IPUIPlugin
2020-07-04 20:14:57,860 [INFO] IPUIPlugin:65 - create IPUIPlugin
2020-07-04 20:14:57,861 [INFO] IPUIPlugin:65 - create IPUIPlugin
2020-07-04 20:14:57,861 [INFO] IPUIPlugin:65 - create IPUIPlugin
2020-07-04 20:14:57,862 [INFO] IPUIPlugin:65 - create IPUIPlugin
2020-07-04 20:14:57,862 [INFO] IPUIPlugin:65 - create IPUIPlugin
2020-07-04 20:14:57,863 [INFO] IPUIPlugin:65 - create IPUIPlugin
2020-07-04 20:14:57,863 [INFO] IPUIPlugin:65 - create IPUIPlugin
2020-07-04 20:14:57,863 [INFO] IPUIPlugin:65 - create IPUIPlugin
2020-07-04 20:14:57,864 [INFO] IPUIPlugin:65 - create IPUIPlugin
2020-07-04 20:14:57,864 [INFO] IPUIPlugin:65 - create IPUIPlugin
2020-07-04 20:14:57,865 [INFO] IPUIPlugin:65 - create IPUIPlugin
2020-07-04 20:14:57,865 [INFO] IPUIPlugin:65 - create IPUIPlugin
2020-07-04 20:14:57,865 [INFO] IPUIPlugin:65 - create IPUIPlugin
2020-07-04 20:14:57,865 [INFO] IPUIPlugin:65 - create IPUIPlugin
2020-07-04 20:14:57,866 [INFO] IPUIPlugin:65 - create IPUIPlugin
2020-07-04 20:14:57,866 [INFO] IPUIPlugin:65 - create IPUIPlugin
2020-07-04 20:14:57,866 [INFO] IPUIPlugin:65 - create IPUIPlugin
2020-07-04 20:14:57,866 [INFO] IPUIPlugin:65 - create IPUIPlugin
2020-07-04 20:14:57,867 [INFO] IPUIPlugin:65 - create IPUIPlugin
2020-07-04 20:14:57,867 [INFO] IPUIPlugin:65 - create IPUIPlugin
2020-07-04 20:14:57,868 [INFO] IPUIPlugin:65 - create IPUIPlugin
2020-07-04 20:14:57,868 [INFO] IPUIPlugin:65 - create IPUIPlugin
2020-07-04 20:14:57,869 [INFO] IPUIPlugin:65 - create IPUIPlugin
2020-07-04 20:14:57,869 [INFO] IPUIPlugin:65 - create IPUIPlugin
2020-07-04 20:14:57,869 [INFO] IPUIPlugin:65 - create IPUIPlugin
2020-07-04 20:14:57,869 [INFO] IPUIPlugin:65 - create IPUIPlugin
2020-07-04 20:14:57,869 [INFO] IPUIPlugin:65 - create IPUIPlugin
2020-07-04 20:14:57,870 [INFO] IPUIPlugin:65 - create IPUIPlugin
2020-07-04 20:14:57,870 [INFO] IPUIPlugin:65 - create IPUIPlugin
2020-07-04 20:14:57,870 [INFO] IPUIPlugin:65 - create IPUIPlugin
2020-07-04 20:14:57,870 [INFO] IPUIPlugin:65 - create IPUIPlugin
2020-07-04 20:14:57,870 [INFO] IPUIPlugin:65 - create IPUIPlugin
2020-07-04 20:14:57,871 [INFO] IPUIPlugin:65 - create IPUIPlugin
2020-07-04 20:14:57,871 [INFO] IPUIPlugin:65 - create IPUIPlugin
2020-07-04 20:14:57,871 [INFO] IPUIPlugin:65 - create IPUIPlugin
2020-07-04 20:14:57,872 [INFO] IPUIPlugin:65 - create IPUIPlugin
2020-07-04 20:14:57,985 [INFO] LogOutputStream:76 - [STDOUT_REDIRECT] toolchainItems.length=====1
2020-07-04 20:14:58,197 [INFO] OpenFileManager:294 - Restore cursor
2020-07-04 20:14:58,462 [INFO] UtilMem:74 - End SaveConfig() Used Memory: 348464128 Bytes (667942912)
2020-07-04 20:14:58,494 [INFO] UtilMem:74 - End SaveConfig() Used Memory: 353180680 Bytes (667942912)
2020-07-04 20:14:59,118 [INFO] BlockDiagram:2671 - set Specific Code input for plugin: SYS
2020-07-04 20:14:59,119 [INFO] BlockDiagram:2671 - set Specific Code input for plugin: NVIC
2020-07-04 20:14:59,119 [INFO] CodeGenerator:603 - code generatio: config db path: /opt/st/stm32cubeide_1.3.0/../../../home/lth/.eclipse/com.st.stm32cube.ide.mcu.rcp.product_1.3.0_1935175002_linux_gtk_x86_64/plugins/com.st.stm32cube.common.mx_5.6.1.202004052303//db/
2020-07-04 20:14:59,552 [INFO] CodeEngine:188 - oldGeneratedFile, /home/lth/src/stm32dev/firmware/led/MXTmpFiles/license.tmp_save
2020-07-04 20:14:59,920 [INFO] CodeEngine:206 - Generated code: /home/lth/src/stm32dev/firmware/led/MXTmpFiles/license.tmp
2020-07-04 20:15:00,113 [INFO] LogOutputStream:76 - [STDOUT_REDIRECT] Debug : prepare data for NVIC
2020-07-04 20:15:00,113 [INFO] LogOutputStream:76 - [STDOUT_REDIRECT] Command line test
2020-07-04 20:15:00,127 [INFO] CodeEngine:188 - oldGeneratedFile, /home/lth/src/stm32dev/firmware/led/Core/Src/stm32f4xx_it.c_save
2020-07-04 20:15:00,275 [INFO] CodeEngine:206 - Generated code: /home/lth/src/stm32dev/firmware/led/Core/Src/stm32f4xx_it.c
2020-07-04 20:15:00,291 [INFO] CodeEngine:188 - oldGeneratedFile, /home/lth/src/stm32dev/firmware/led/Core/Inc/stm32f4xx_it.h_save
2020-07-04 20:15:00,382 [INFO] CodeEngine:206 - Generated code: /home/lth/src/stm32dev/firmware/led/Core/Inc/stm32f4xx_it.h
2020-07-04 20:15:00,414 [INFO] CodeEngine:188 - oldGeneratedFile, /home/lth/src/stm32dev/firmware/led/Core/Src/stm32f4xx_hal_msp.c_save
2020-07-04 20:15:00,555 [INFO] CodeEngine:206 - Generated code: /home/lth/src/stm32dev/firmware/led/Core/Src/stm32f4xx_hal_msp.c
2020-07-04 20:15:00,574 [INFO] CodeEngine:188 - oldGeneratedFile, /home/lth/src/stm32dev/firmware/led/MXTmpFiles/system.tmp_save
2020-07-04 20:15:00,653 [INFO] CodeEngine:206 - Generated code: /home/lth/src/stm32dev/firmware/led/MXTmpFiles/system.tmp
2020-07-04 20:15:00,664 [INFO] CodeEngine:188 - oldGeneratedFile, /home/lth/src/stm32dev/firmware/led/Core/Inc/stm32f4xx_hal_conf.h_save
2020-07-04 20:15:00,762 [INFO] CodeEngine:206 - Generated code: /home/lth/src/stm32dev/firmware/led/Core/Inc/stm32f4xx_hal_conf.h
2020-07-04 20:15:00,899 [INFO] CodeEngine:188 - oldGeneratedFile, /home/lth/src/stm32dev/firmware/led/Core/Inc/main.h_save
2020-07-04 20:15:01,003 [INFO] CodeEngine:206 - Generated code: /home/lth/src/stm32dev/firmware/led/Core/Inc/main.h
2020-07-04 20:15:01,018 [INFO] CodeEngine:188 - oldGeneratedFile, /home/lth/src/stm32dev/firmware/led/Core/Src/main.c_save
2020-07-04 20:15:01,144 [INFO] CodeEngine:206 - Generated code: /home/lth/src/stm32dev/firmware/led/Core/Src/main.c
2020-07-04 20:15:02,840 [INFO] ProjectBuilder:2002 - Time for Copy HAL[1] : 810mS.
2020-07-04 20:15:02,847 [INFO] ProjectBuilder:2727 - Project Generator version: 3.7.1
2020-07-04 20:15:03,501 [INFO] ConfigFileManager:1066 - The Die is : DIE413
2020-07-04 20:15:19,892 [INFO] ProjectBuilder:2894 - Time for Generating toolchain IDE Files: 17045mS.
2020-07-04 20:15:19,893 [INFO] ProjectBuilder:1878 - Time for Copy CMSIS : 0mS.
2020-07-04 20:15:19,894 [INFO] ProjectBuilder:1878 - Time for Copy CMSIS : 0mS.
2020-07-04 20:25:50,010 [INFO] UtilMem:74 - End SaveConfig() Used Memory: 546220712 Bytes (869269504)
2020-07-04 20:25:50,343 [INFO] UtilMem:74 - End SaveConfig() Used Memory: 568805040 Bytes (869269504)
2020-07-04 20:25:50,583 [INFO] BlockDiagram:2671 - set Specific Code input for plugin: SYS
2020-07-04 20:25:50,583 [INFO] BlockDiagram:2671 - set Specific Code input for plugin: RCC
2020-07-04 20:25:50,583 [INFO] BlockDiagram:2671 - set Specific Code input for plugin: NVIC
2020-07-04 20:25:50,583 [INFO] BlockDiagram:2671 - set Specific Code input for plugin: GPIO
2020-07-04 20:25:50,584 [INFO] CodeGenerator:603 - code generatio: config db path: /opt/st/stm32cubeide_1.3.0/../../../home/lth/.eclipse/com.st.stm32cube.ide.mcu.rcp.product_1.3.0_1935175002_linux_gtk_x86_64/plugins/com.st.stm32cube.common.mx_5.6.1.202004052303//db/
2020-07-04 20:25:50,764 [INFO] CodeEngine:188 - oldGeneratedFile, /home/lth/src/stm32dev/firmware/led/MXTmpFiles/license.tmp_save
2020-07-04 20:25:50,820 [INFO] CodeEngine:206 - Generated code: /home/lth/src/stm32dev/firmware/led/MXTmpFiles/license.tmp
2020-07-04 20:25:50,836 [INFO] CodeEngine:188 - oldGeneratedFile, /home/lth/src/stm32dev/firmware/led/MXTmpFiles/gpio.tmp_save
2020-07-04 20:25:50,911 [INFO] CodeEngine:206 - Generated code: /home/lth/src/stm32dev/firmware/led/MXTmpFiles/gpio.tmp
2020-07-04 20:25:50,914 [INFO] LogOutputStream:76 - [STDOUT_REDIRECT] Debug : prepare data for NVIC
2020-07-04 20:25:50,915 [INFO] LogOutputStream:76 - [STDOUT_REDIRECT] Command line test
2020-07-04 20:25:50,918 [INFO] CodeEngine:188 - oldGeneratedFile, /home/lth/src/stm32dev/firmware/led/Core/Src/stm32f4xx_it.c_save
2020-07-04 20:25:51,018 [INFO] CodeEngine:206 - Generated code: /home/lth/src/stm32dev/firmware/led/Core/Src/stm32f4xx_it.c
2020-07-04 20:25:51,021 [INFO] CodeEngine:188 - oldGeneratedFile, /home/lth/src/stm32dev/firmware/led/Core/Inc/stm32f4xx_it.h_save
2020-07-04 20:25:51,099 [INFO] CodeEngine:206 - Generated code: /home/lth/src/stm32dev/firmware/led/Core/Inc/stm32f4xx_it.h
2020-07-04 20:25:51,104 [INFO] CodeEngine:188 - oldGeneratedFile, /home/lth/src/stm32dev/firmware/led/Core/Src/stm32f4xx_hal_msp.c_save
2020-07-04 20:25:51,216 [INFO] CodeEngine:206 - Generated code: /home/lth/src/stm32dev/firmware/led/Core/Src/stm32f4xx_hal_msp.c
2020-07-04 20:25:51,219 [INFO] CodeEngine:188 - oldGeneratedFile, /home/lth/src/stm32dev/firmware/led/MXTmpFiles/system.tmp_save
2020-07-04 20:25:51,291 [INFO] CodeEngine:206 - Generated code: /home/lth/src/stm32dev/firmware/led/MXTmpFiles/system.tmp
2020-07-04 20:25:51,294 [INFO] CodeEngine:188 - oldGeneratedFile, /home/lth/src/stm32dev/firmware/led/Core/Inc/stm32f4xx_hal_conf.h_save
2020-07-04 20:25:51,466 [INFO] CodeEngine:206 - Generated code: /home/lth/src/stm32dev/firmware/led/Core/Inc/stm32f4xx_hal_conf.h
2020-07-04 20:25:51,488 [WARN] IPConfigManager:2701 - IP not found : gpio
2020-07-04 20:25:51,489 [WARN] CodeGenerator:2649 - IP not found : gpio
2020-07-04 20:25:51,491 [INFO] CodeEngine:188 - oldGeneratedFile, /home/lth/src/stm32dev/firmware/led/Core/Inc/main.h_save
2020-07-04 20:25:51,571 [INFO] CodeEngine:206 - Generated code: /home/lth/src/stm32dev/firmware/led/Core/Inc/main.h
2020-07-04 20:25:51,574 [INFO] CodeEngine:188 - oldGeneratedFile, /home/lth/src/stm32dev/firmware/led/Core/Src/main.c_save
2020-07-04 20:25:51,679 [INFO] CodeEngine:206 - Generated code: /home/lth/src/stm32dev/firmware/led/Core/Src/main.c
2020-07-04 20:25:52,077 [INFO] ProjectBuilder:2002 - Time for Copy HAL[1] : 12mS.
2020-07-04 20:25:52,078 [INFO] ProjectBuilder:2727 - Project Generator version: 3.7.1
2020-07-04 20:25:52,272 [INFO] ConfigFileManager:1066 - The Die is : DIE413
2020-07-04 20:26:01,456 [INFO] ProjectBuilder:2894 - Time for Generating toolchain IDE Files: 9378mS.
2020-07-04 20:26:01,456 [INFO] ProjectBuilder:1878 - Time for Copy CMSIS : 0mS.
2020-07-04 20:26:01,457 [INFO] ProjectBuilder:1878 - Time for Copy CMSIS : 0mS.
2020-07-05 17:17:25,142 [INFO] Activator:176 - 


2020-07-05 17:17:25,144 [INFO] Activator:177 - !SESSION log4j initialized
